<?xml version="1.0" encoding="UTF-8"?>
<!-- Generated by org.testng.reporters.JUnitReportReporter -->
<testsuite hostname="s-MacBook-Pro.local" failures="0" tests="13" name="com.cs5500.NEUEat.controller.DriverControllerTest" time="2.239" errors="0" timestamp="13 Dec 2020 10:19:23 GMT" skipped="0">
  <testcase classname="com.cs5500.NEUEat.controller.DriverControllerTest" name="loginDriver" time="0.309"/>
  <testcase classname="com.cs5500.NEUEat.controller.DriverControllerTest" name="getDriverById" time="0.198"/>
  <testcase classname="com.cs5500.NEUEat.controller.DriverControllerTest" name="getOrderHistory" time="0.137"/>
  <testcase classname="com.cs5500.NEUEat.controller.DriverControllerTest" name="resetPhoneNumber" time="0.186"/>
  <testcase classname="com.cs5500.NEUEat.controller.DriverControllerTest" name="getActiveOrder" time="0.035"/>
  <testcase classname="com.cs5500.NEUEat.controller.DriverControllerTest" name="logoutDriver" time="0.317"/>
  <testcase classname="com.cs5500.NEUEat.controller.DriverControllerTest" name="resetPassword" time="0.174"/>
  <testcase classname="com.cs5500.NEUEat.controller.DriverControllerTest" name="finishOrder" time="0.326"/>
  <testcase classname="com.cs5500.NEUEat.controller.DriverControllerTest" name="deleterDriver" time="0.033"/>
  <testcase classname="com.cs5500.NEUEat.controller.DriverControllerTest" name="registerDriver" time="0.124"/>
  <testcase classname="com.cs5500.NEUEat.controller.DriverControllerTest" name="acceptOrder" time="0.218"/>
  <testcase classname="com.cs5500.NEUEat.controller.DriverControllerTest" name="getPendingOrders" time="0.163"/>
  <testcase classname="com.cs5500.NEUEat.controller.DriverControllerTest" name="resetAddress" time="0.019"/>
</testsuite> <!-- com.cs5500.NEUEat.controller.DriverControllerTest -->
