<?xml version="1.0" encoding="UTF-8"?>
<!-- Generated by org.testng.reporters.JUnitReportReporter -->
<testsuite hostname="s-MacBook-Pro.local" failures="0" tests="11" name="com.cs5500.NEUEat.controller.CustomerControllerTest" time="65.986" errors="0" timestamp="13 Dec 2020 10:19:23 GMT" skipped="0">
  <testcase classname="com.cs5500.NEUEat.controller.CustomerControllerTest" name="resetAddress" time="5.827"/>
  <testcase classname="com.cs5500.NEUEat.controller.CustomerControllerTest" name="logoutCustomer" time="6.198"/>
  <testcase classname="com.cs5500.NEUEat.controller.CustomerControllerTest" name="registerCustomer" time="6.192"/>
  <testcase classname="com.cs5500.NEUEat.controller.CustomerControllerTest" name="resetPhoneNumber" time="6.110"/>
  <testcase classname="com.cs5500.NEUEat.controller.CustomerControllerTest" name="getShoppingCart" time="6.096"/>
  <testcase classname="com.cs5500.NEUEat.controller.CustomerControllerTest" name="loginCustomer" time="6.042"/>
  <testcase classname="com.cs5500.NEUEat.controller.CustomerControllerTest" name="resetPassword" time="6.075"/>
  <testcase classname="com.cs5500.NEUEat.controller.CustomerControllerTest" name="getOrderHistory" time="5.884"/>
  <testcase classname="com.cs5500.NEUEat.controller.CustomerControllerTest" name="getCustomerById" time="5.801"/>
  <testcase classname="com.cs5500.NEUEat.controller.CustomerControllerTest" name="getActiveOrders" time="5.856"/>
  <testcase classname="com.cs5500.NEUEat.controller.CustomerControllerTest" name="deleterCustomer" time="5.905"/>
</testsuite> <!-- com.cs5500.NEUEat.controller.CustomerControllerTest -->
